<?xml version="1.0" encoding="UTF-8"?>
<testsuite name="com.abdm.data_transfer_workflow.DataTransferWorkflowApplicationTests" tests="1" skipped="0" failures="0" errors="0" timestamp="2023-08-26T18:44:06" hostname="DESKTOP-SOV4CPF" time="1.411">
  <properties/>
  <testcase name="contextLoads()" classname="com.abdm.data_transfer_workflow.DataTransferWorkflowApplicationTests" time="1.411"/>
  <system-out><![CDATA[00:14:02.821 [Test worker] INFO org.springframework.test.context.support.AnnotationConfigContextLoaderUtils -- Could not detect default configuration classes for test class [com.abdm.data_transfer_workflow.DataTransferWorkflowApplicationTests]: DataTransferWorkflowApplicationTests does not declare any static, non-private, non-final, nested classes annotated with @Configuration.
00:14:03.029 [Test worker] INFO org.springframework.boot.test.context.SpringBootTestContextBootstrapper -- Found @SpringBootConfiguration com.abdm.data_transfer_workflow.DataTransferWorkflowApplication for test class com.abdm.data_transfer_workflow.DataTransferWorkflowApplicationTests

  .   ____          _            __ _ _
 /\\ / ___'_ __ _ _(_)_ __  __ _ \ \ \ \
( ( )\___ | '_ | '_| | '_ \/ _` | \ \ \ \
 \\/  ___)| |_)| | | | | || (_| |  ) ) ) )
  '  |____| .__|_| |_|_| |_\__, | / / / /
 =========|_|==============|___/=/_/_/_/
 :: Spring Boot ::                (v3.1.3)

2023-08-27T00:14:03.803+05:30  INFO 10584 --- [    Test worker] a.d.DataTransferWorkflowApplicationTests : Starting DataTransferWorkflowApplicationTests using Java 19.0.1 with PID 10584 (started by User in C:\Spring projects\data_transfer_workflow)
2023-08-27T00:14:03.806+05:30  INFO 10584 --- [    Test worker] a.d.DataTransferWorkflowApplicationTests : No active profile set, falling back to 1 default profile: "default"
2023-08-27T00:14:06.098+05:30  INFO 10584 --- [    Test worker] a.d.DataTransferWorkflowApplicationTests : Started DataTransferWorkflowApplicationTests in 2.738 seconds (process running for 5.086)
]]></system-out>
  <system-err><![CDATA[]]></system-err>
</testsuite>
